2019-12-09 18:31:22.629 WARN [main] o.s.c.b.c.PropertySourceBootstrapConfiguration [Jdk14Logger.java : 87] Logging config file location 'classpath:log4j2.xml' cannot be opened and will be ignored
2019-12-09 18:31:37.514 WARN [main] o.m.spring.SqlSessionFactoryBean [Logger.java : 44] Can't find class in '[com.etcc.*.entity]' package. Please check your configuration.
2019-12-09 18:31:40.786 WARN [main] c.b.m.core.toolkit.TableInfoHelper [TableInfoHelper.java : 255] Warn: Could not find @TableId in Class: com.etcc.dictionaries.entity.domain.IndustryType.
2019-12-09 18:31:45.690 WARN [main] c.b.m.core.toolkit.TableInfoHelper [TableInfoHelper.java : 255] Warn: Could not find @TableId in Class: com.etcc.workbench.entity.domain.CommonResource.
2019-12-09 18:31:50.001 WARN [main] org.flywaydb.core.Flyway [Slf4jLog.java : 53] Direct configuration of the Flyway object has been deprecated and will be removed in Flyway 6.0. Use Flyway.configure() instead.
2019-12-09 18:31:50.002 WARN [main] org.flywaydb.core.Flyway [Slf4jLog.java : 53] Direct configuration retrieval from the Flyway object has been deprecated and will be removed in Flyway 6.0. Use Flyway.getConfiguration() instead.
2019-12-09 18:31:50.002 WARN [main] org.flywaydb.core.Flyway [Slf4jLog.java : 53] Direct configuration retrieval from the Flyway object has been deprecated and will be removed in Flyway 6.0. Use Flyway.getConfiguration() instead.
2019-12-09 18:31:50.002 WARN [main] org.flywaydb.core.Flyway [Slf4jLog.java : 53] Direct configuration of the Flyway object has been deprecated and will be removed in Flyway 6.0. Use Flyway.configure() instead.
2019-12-09 18:31:50.023 WARN [main] org.flywaydb.core.Flyway [Slf4jLog.java : 53] Direct configuration of the Flyway object has been deprecated and will be removed in Flyway 6.0. Use Flyway.configure() instead.
2019-12-09 18:31:56.878 WARN [main] c.n.c.sources.URLConfigurationSource [URLConfigurationSource.java : 121] No URLs will be polled as dynamic configuration sources.
2019-12-09 18:31:56.911 WARN [main] c.n.c.sources.URLConfigurationSource [URLConfigurationSource.java : 121] No URLs will be polled as dynamic configuration sources.
2019-12-09 18:34:37.586 WARN [main] o.s.c.b.c.PropertySourceBootstrapConfiguration [Jdk14Logger.java : 87] Logging config file location 'classpath:log4j2.xml' cannot be opened and will be ignored
2019-12-09 18:34:47.225 WARN [main] o.m.spring.SqlSessionFactoryBean [Logger.java : 44] Can't find class in '[com.etcc.*.entity]' package. Please check your configuration.
2019-12-09 18:34:49.970 WARN [main] c.b.m.core.toolkit.TableInfoHelper [TableInfoHelper.java : 255] Warn: Could not find @TableId in Class: com.etcc.dictionaries.entity.domain.IndustryType.
2019-12-09 18:34:52.749 WARN [main] c.b.m.core.toolkit.TableInfoHelper [TableInfoHelper.java : 255] Warn: Could not find @TableId in Class: com.etcc.workbench.entity.domain.CommonResource.
2019-12-09 18:34:55.778 WARN [main] org.flywaydb.core.Flyway [Slf4jLog.java : 53] Direct configuration of the Flyway object has been deprecated and will be removed in Flyway 6.0. Use Flyway.configure() instead.
2019-12-09 18:34:55.778 WARN [main] org.flywaydb.core.Flyway [Slf4jLog.java : 53] Direct configuration retrieval from the Flyway object has been deprecated and will be removed in Flyway 6.0. Use Flyway.getConfiguration() instead.
2019-12-09 18:34:55.779 WARN [main] org.flywaydb.core.Flyway [Slf4jLog.java : 53] Direct configuration retrieval from the Flyway object has been deprecated and will be removed in Flyway 6.0. Use Flyway.getConfiguration() instead.
2019-12-09 18:34:55.779 WARN [main] org.flywaydb.core.Flyway [Slf4jLog.java : 53] Direct configuration of the Flyway object has been deprecated and will be removed in Flyway 6.0. Use Flyway.configure() instead.
2019-12-09 18:34:55.802 WARN [main] org.flywaydb.core.Flyway [Slf4jLog.java : 53] Direct configuration of the Flyway object has been deprecated and will be removed in Flyway 6.0. Use Flyway.configure() instead.
2019-12-09 18:35:02.740 WARN [main] c.n.c.sources.URLConfigurationSource [URLConfigurationSource.java : 121] No URLs will be polled as dynamic configuration sources.
2019-12-09 18:35:02.747 WARN [main] c.n.c.sources.URLConfigurationSource [URLConfigurationSource.java : 121] No URLs will be polled as dynamic configuration sources.
